<?xml version="1.0" encoding="UTF-8"?>
<!-- Generated by org.testng.reporters.JUnitReportReporter -->
<testsuite skipped="1" hostname="AidenZhangMacbookPro" name="com.qiyan.testcases.BankManagerLoginTest" tests="1" failures="0" timestamp="20 九月 2019 19:48:22 GMT" time="0.000" errors="0">
  <testcase name="bankManagerLoginTest" time="0.000" classname="com.qiyan.testcases.BankManagerLoginTest">
    <skipped/>
  </testcase> <!-- bankManagerLoginTest -->
</testsuite> <!-- com.qiyan.testcases.BankManagerLoginTest -->
